
> codingmoa@1.0.0 start /home/ec2-user/codingmoa
> tsc; nodemon ./build/main.js;

[33m[nodemon] 1.19.0[39m
[33m[nodemon] to restart at any time, enter `rs`[39m
[33m[nodemon] watching: *.*[39m
[32m[nodemon] starting `node ./build/main.js`[39m
events.js:183
      throw er; // Unhandled 'error' event
      ^

Error: EBADF: bad file descriptor, read
npm ERR! code ELIFECYCLE
npm ERR! errno 1
npm ERR! codingmoa@1.0.0 start: `tsc; nodemon ./build/main.js;`
npm ERR! Exit status 1
npm ERR! 
npm ERR! Failed at the codingmoa@1.0.0 start script.
npm ERR! This is probably not a problem with npm. There is likely additional logging output above.

npm ERR! A complete log of this run can be found in:
npm ERR!     /root/.npm/_logs/2019-05-16T07_41_52_501Z-debug.log

> codingmoa@1.0.0 start /home/ec2-user/codingmoa
> tsc; nodemon ./build/main.js;

[33m[nodemon] 1.19.0[39m
[33m[nodemon] to restart at any time, enter `rs`[39m
[33m[nodemon] watching: *.*[39m
[32m[nodemon] starting `node ./build/main.js`[39m
events.js:183
      throw er; // Unhandled 'error' event
      ^

Error: EBADF: bad file descriptor, read
npm ERR! code ELIFECYCLE
npm ERR! errno 1
npm ERR! codingmoa@1.0.0 start: `tsc; nodemon ./build/main.js;`
npm ERR! Exit status 1
npm ERR! 
npm ERR! Failed at the codingmoa@1.0.0 start script.
npm ERR! This is probably not a problem with npm. There is likely additional logging output above.

npm ERR! A complete log of this run can be found in:
npm ERR!     /root/.npm/_logs/2019-05-16T07_44_54_220Z-debug.log

> codingmoa@1.0.0 start /home/ec2-user/codingmoa
> cd webapp; ng build ; cd .. ;tsc; nodemon ./build/main.js;


Date: 2019-05-16T07:51:40.990Z
Hash: e70863b4a38d0c7f09e2
Time: 22754ms
chunk {common} common.js, common.js.map (common) 3.22 kB  [rendered]
chunk {component-component-module} component-component-module.js, component-component-module.js.map (component-component-module) 322 kB  [rendered]
chunk {es2015-polyfills} es2015-polyfills.js, es2015-polyfills.js.map (es2015-polyfills) 266 kB [initial] [rendered]
chunk {main} main.js, main.js.map (main) 14.4 kB [initial] [rendered]
chunk {pages-pages-module} pages-pages-module.js, pages-pages-module.js.map (pages-pages-module) 47.8 kB  [rendered]
chunk {polyfills} polyfills.js, polyfills.js.map (polyfills) 223 kB [initial] [rendered]
chunk {runtime} runtime.js, runtime.js.map (runtime) 8.9 kB [entry] [rendered]
chunk {scripts} scripts.js, scripts.js.map (scripts) 180 kB [entry] [rendered]
chunk {starter-starter-module} starter-starter-module.js, starter-starter-module.js.map (starter-starter-module) 4.53 kB  [rendered]
chunk {styles} styles.js, styles.js.map (styles) 2.71 MB [initial] [rendered]
chunk {vendor} vendor.js, vendor.js.map (vendor) 4.83 MB [initial] [rendered]
[33m[nodemon] 1.19.0[39m
[33m[nodemon] to restart at any time, enter `rs`[39m
[33m[nodemon] watching: *.*[39m
[32m[nodemon] starting `node ./build/main.js`[39m
events.js:183
      throw er; // Unhandled 'error' event
      ^

Error: EBADF: bad file descriptor, read
npm ERR! code ELIFECYCLE
npm ERR! errno 1
npm ERR! codingmoa@1.0.0 start: `cd webapp; ng build ; cd .. ;tsc; nodemon ./build/main.js;`
npm ERR! Exit status 1
npm ERR! 
npm ERR! Failed at the codingmoa@1.0.0 start script.
npm ERR! This is probably not a problem with npm. There is likely additional logging output above.

npm ERR! A complete log of this run can be found in:
npm ERR!     /root/.npm/_logs/2019-05-16T07_51_46_591Z-debug.log

> codingmoa@1.0.0 start /home/ec2-user/codingmoa
> cd webapp; ng build --watch; cd .. ;tsc; nodemon ./build/main.js;


Date: 2019-05-16T07:57:19.100Z
Hash: e70863b4a38d0c7f09e2
Time: 255794ms
chunk {common} common.js, common.js.map (common) 3.22 kB  [rendered]
chunk {component-component-module} component-component-module.js, component-component-module.js.map (component-component-module) 322 kB  [rendered]
chunk {es2015-polyfills} es2015-polyfills.js, es2015-polyfills.js.map (es2015-polyfills) 266 kB [initial] [rendered]
chunk {main} main.js, main.js.map (main) 14.4 kB [initial] [rendered]
chunk {pages-pages-module} pages-pages-module.js, pages-pages-module.js.map (pages-pages-module) 47.8 kB  [rendered]
chunk {polyfills} polyfills.js, polyfills.js.map (polyfills) 223 kB [initial] [rendered]
chunk {runtime} runtime.js, runtime.js.map (runtime) 8.9 kB [entry] [rendered]
chunk {scripts} scripts.js, scripts.js.map (scripts) 180 kB [entry] [rendered]
chunk {starter-starter-module} starter-starter-module.js, starter-starter-module.js.map (starter-starter-module) 4.53 kB  [rendered]
chunk {styles} styles.js, styles.js.map (styles) 2.71 MB [initial] [rendered]
chunk {vendor} vendor.js, vendor.js.map (vendor) 4.83 MB [initial] [rendered]

> codingmoa@1.0.0 start /home/ec2-user/codingmoa
> tsc; nodemon ./build/main.js;

[33m[nodemon] 1.19.0[39m
[33m[nodemon] to restart at any time, enter `rs`[39m
[33m[nodemon] watching: *.*[39m
[32m[nodemon] starting `node ./build/main.js`[39m
Listening at http://localhost:3000/
[32m[nodemon] restarting due to changes...[39m
[32m[nodemon] restarting due to changes...[39m
[32m[nodemon] restarting due to changes...[39m
[32m[nodemon] restarting due to changes...[39m
[32m[nodemon] restarting due to changes...[39m
[32m[nodemon] restarting due to changes...[39m
[32m[nodemon] restarting due to changes...[39m
[32m[nodemon] restarting due to changes...[39m
[32m[nodemon] restarting due to changes...[39m
[32m[nodemon] restarting due to changes...[39m
[32m[nodemon] restarting due to changes...[39m
[32m[nodemon] restarting due to changes...[39m
[32m[nodemon] restarting due to changes...[39m
[32m[nodemon] restarting due to changes...[39m
[32m[nodemon] restarting due to changes...[39m
[32m[nodemon] starting `node ./build/main.js`[39m
[32m[nodemon] restarting due to changes...[39m
[32m[nodemon] restarting due to changes...[39m
[32m[nodemon] restarting due to changes...[39m
[32m[nodemon] starting `node ./build/main.js`[39m
[32m[nodemon] restarting due to changes...[39m
[32m[nodemon] restarting due to changes...[39m
[32m[nodemon] restarting due to changes...[39m
[32m[nodemon] restarting due to changes...[39m
[32m[nodemon] starting `node ./build/main.js`[39m
[32m[nodemon] restarting due to changes...[39m
[32m[nodemon] restarting due to changes...[39m
[32m[nodemon] restarting due to changes...[39m
[32m[nodemon] restarting due to changes...[39m
[32m[nodemon] restarting due to changes...[39m
[32m[nodemon] starting `node ./build/main.js`[39m
[32m[nodemon] restarting due to changes...[39m
[32m[nodemon] restarting due to changes...[39m
[32m[nodemon] restarting due to changes...[39m
[32m[nodemon] restarting due to changes...[39m
[32m[nodemon] restarting due to changes...[39m
[32m[nodemon] restarting due to changes...[39m
Listening at http://localhost:3000/
[32m[nodemon] restarting due to changes...[39m
[32m[nodemon] starting `node ./build/main.js`[39m
[32m[nodemon] restarting due to changes...[39m
[32m[nodemon] starting `node ./build/main.js`[39m
Listening at http://localhost:3000/

> codingmoa@1.0.0 start /home/ec2-user/codingmoa
> tsc; nodemon ./build/main.js;

[33m[nodemon] 1.19.0[39m
[33m[nodemon] to restart at any time, enter `rs`[39m
[33m[nodemon] watching: *.*[39m
[32m[nodemon] starting `node ./build/main.js`[39m
Listening at http://localhost:3000/
[32m[nodemon] restarting due to changes...[39m
[32m[nodemon] restarting due to changes...[39m
[32m[nodemon] restarting due to changes...[39m
[32m[nodemon] restarting due to changes...[39m
[32m[nodemon] restarting due to changes...[39m
[32m[nodemon] restarting due to changes...[39m
[32m[nodemon] restarting due to changes...[39m
[32m[nodemon] restarting due to changes...[39m
[32m[nodemon] restarting due to changes...[39m
[32m[nodemon] restarting due to changes...[39m
[32m[nodemon] restarting due to changes...[39m
[32m[nodemon] restarting due to changes...[39m
[32m[nodemon] restarting due to changes...[39m
[32m[nodemon] restarting due to changes...[39m
[32m[nodemon] restarting due to changes...[39m
[32m[nodemon] restarting due to changes...[39m
[32m[nodemon] starting `node ./build/main.js`[39m
[32m[nodemon] restarting due to changes...[39m
[32m[nodemon] restarting due to changes...[39m
[32m[nodemon] starting `node ./build/main.js`[39m
[32m[nodemon] restarting due to changes...[39m
[32m[nodemon] restarting due to changes...[39m
[32m[nodemon] restarting due to changes...[39m
[32m[nodemon] restarting due to changes...[39m
[32m[nodemon] restarting due to changes...[39m
[32m[nodemon] starting `node ./build/main.js`[39m
[32m[nodemon] restarting due to changes...[39m
[32m[nodemon] restarting due to changes...[39m
[32m[nodemon] restarting due to changes...[39m
[32m[nodemon] restarting due to changes...[39m
[32m[nodemon] restarting due to changes...[39m
[32m[nodemon] restarting due to changes...[39m
Listening at http://localhost:3000/
[32m[nodemon] restarting due to changes...[39m
[32m[nodemon] restarting due to changes...[39m
[32m[nodemon] starting `node ./build/main.js`[39m
Listening at http://localhost:3000/
[32m[nodemon] restarting due to changes...[39m
[32m[nodemon] starting `node ./build/main.js`[39m
Listening at http://localhost:3000/
[32m[nodemon] restarting due to changes...[39m
[32m[nodemon] starting `node ./build/main.js`[39m
Listening at http://localhost:3000/
[32m[nodemon] restarting due to changes...[39m
[32m[nodemon] starting `node ./build/main.js`[39m
Listening at http://localhost:3000/
[32m[nodemon] restarting due to changes...[39m
[32m[nodemon] starting `node ./build/main.js`[39m
Listening at http://localhost:3000/
[32m[nodemon] restarting due to changes...[39m
[32m[nodemon] starting `node ./build/main.js`[39m
Listening at http://localhost:3000/
[32m[nodemon] restarting due to changes...[39m
[32m[nodemon] starting `node ./build/main.js`[39m
Listening at http://localhost:3000/
[32m[nodemon] restarting due to changes...[39m
[32m[nodemon] starting `node ./build/main.js`[39m
Listening at http://localhost:3000/
[32m[nodemon] restarting due to changes...[39m
[32m[nodemon] starting `node ./build/main.js`[39m
Listening at http://localhost:3000/
[32m[nodemon] restarting due to changes...[39m
[32m[nodemon] starting `node ./build/main.js`[39m
Listening at http://localhost:3000/
[32m[nodemon] restarting due to changes...[39m
[32m[nodemon] starting `node ./build/main.js`[39m
Listening at http://localhost:3000/
[32m[nodemon] restarting due to changes...[39m
[32m[nodemon] starting `node ./build/main.js`[39m
[32m[nodemon] restarting due to changes...[39m
[32m[nodemon] starting `node ./build/main.js`[39m
Listening at http://localhost:3000/

> codingmoa@1.0.0 start /home/ec2-user/codingmoa
> tsc; nodemon ./build/main.js;

[33m[nodemon] 1.19.0[39m
[33m[nodemon] to restart at any time, enter `rs`[39m
[33m[nodemon] watching: *.*[39m
[32m[nodemon] starting `node ./build/main.js`[39m
events.js:183
      throw er; // Unhandled 'error' event
      ^

Error: listen EADDRINUSE :::3000
    at Server.setupListenHandle [as _listen2] (net.js:1360:14)
    at listenInCluster (net.js:1401:12)
    at Server.listen (net.js:1485:7)
    at Function.listen (/home/ec2-user/codingmoa/node_modules/express/lib/application.js:618:24)
    at Server.config (/home/ec2-user/codingmoa/build/main.js:29:18)
    at new Server (/home/ec2-user/codingmoa/build/main.js:25:14)
    at Function.bootstrap (/home/ec2-user/codingmoa/build/main.js:49:16)
    at Object.<anonymous> (/home/ec2-user/codingmoa/build/main.js:54:8)
    at Module._compile (module.js:653:30)
    at Object.Module._extensions..js (module.js:664:10)
[31m[nodemon] app crashed - waiting for file changes before starting...[39m

> codingmoa@1.0.0 start /home/ec2-user/codingmoa
> tsc; nodemon ./build/main.js;

[33m[nodemon] 1.19.0[39m
[33m[nodemon] to restart at any time, enter `rs`[39m
[33m[nodemon] watching: *.*[39m
[32m[nodemon] starting `node ./build/main.js`[39m
Listening at http://localhost:3000/
error connecting: Error: connect ECONNREFUSED 127.0.0.1:3306
    at TCPConnectWrap.afterConnect [as oncomplete] (net.js:1191:14)
    --------------------
    at Protocol._enqueue (/home/ec2-user/codingmoa/node_modules/mysql/lib/protocol/Protocol.js:144:48)
    at Protocol.handshake (/home/ec2-user/codingmoa/node_modules/mysql/lib/protocol/Protocol.js:51:23)
    at Connection.connect (/home/ec2-user/codingmoa/node_modules/mysql/lib/Connection.js:119:18)
    at Object.<anonymous> (/home/ec2-user/codingmoa/build/main.js:13:6)
    at Module._compile (module.js:653:30)
    at Object.Module._extensions..js (module.js:664:10)
    at Module.load (module.js:566:32)
    at tryModuleLoad (module.js:506:12)
    at Function.Module._load (module.js:498:3)
    at Function.Module.runMain (module.js:694:10)
{ Error: connect ECONNREFUSED 127.0.0.1:3306
    at TCPConnectWrap.afterConnect [as oncomplete] (net.js:1191:14)
    --------------------
    at Protocol._enqueue (/home/ec2-user/codingmoa/node_modules/mysql/lib/protocol/Protocol.js:144:48)
    at Protocol.handshake (/home/ec2-user/codingmoa/node_modules/mysql/lib/protocol/Protocol.js:51:23)
    at Connection.connect (/home/ec2-user/codingmoa/node_modules/mysql/lib/Connection.js:119:18)
    at Object.<anonymous> (/home/ec2-user/codingmoa/build/main.js:13:6)
    at Module._compile (module.js:653:30)
    at Object.Module._extensions..js (module.js:664:10)
    at Module.load (module.js:566:32)
    at tryModuleLoad (module.js:506:12)
    at Function.Module._load (module.js:498:3)
    at Function.Module.runMain (module.js:694:10)
  errno: 'ECONNREFUSED',
  code: 'ECONNREFUSED',
  syscall: 'connect',
  address: '127.0.0.1',
  port: 3306,
  fatal: true }
rows undefined
fields undefined
[32m[nodemon] restarting due to changes...[39m
[32m[nodemon] restarting due to changes...[39m
[32m[nodemon] restarting due to changes...[39m
[32m[nodemon] restarting due to changes...[39m
[32m[nodemon] restarting due to changes...[39m
[32m[nodemon] restarting due to changes...[39m
[32m[nodemon] restarting due to changes...[39m
[32m[nodemon] restarting due to changes...[39m
[32m[nodemon] restarting due to changes...[39m
[32m[nodemon] restarting due to changes...[39m
[32m[nodemon] restarting due to changes...[39m
[32m[nodemon] starting `node ./build/main.js`[39m
Listening at http://localhost:3000/
error connecting: Error: connect ECONNREFUSED 127.0.0.1:3306
    at TCPConnectWrap.afterConnect [as oncomplete] (net.js:1191:14)
    --------------------
    at Protocol._enqueue (/home/ec2-user/codingmoa/node_modules/mysql/lib/protocol/Protocol.js:144:48)
    at Protocol.handshake (/home/ec2-user/codingmoa/node_modules/mysql/lib/protocol/Protocol.js:51:23)
    at Connection.connect (/home/ec2-user/codingmoa/node_modules/mysql/lib/Connection.js:119:18)
    at Object.<anonymous> (/home/ec2-user/codingmoa/build/main.js:13:6)
    at Module._compile (module.js:653:30)
    at Object.Module._extensions..js (module.js:664:10)
    at Module.load (module.js:566:32)
    at tryModuleLoad (module.js:506:12)
    at Function.Module._load (module.js:498:3)
    at Function.Module.runMain (module.js:694:10)
{ Error: connect ECONNREFUSED 127.0.0.1:3306
    at TCPConnectWrap.afterConnect [as oncomplete] (net.js:1191:14)
    --------------------
    at Protocol._enqueue (/home/ec2-user/codingmoa/node_modules/mysql/lib/protocol/Protocol.js:144:48)
    at Protocol.handshake (/home/ec2-user/codingmoa/node_modules/mysql/lib/protocol/Protocol.js:51:23)
    at Connection.connect (/home/ec2-user/codingmoa/node_modules/mysql/lib/Connection.js:119:18)
    at Object.<anonymous> (/home/ec2-user/codingmoa/build/main.js:13:6)
    at Module._compile (module.js:653:30)
    at Object.Module._extensions..js (module.js:664:10)
    at Module.load (module.js:566:32)
    at tryModuleLoad (module.js:506:12)
    at Function.Module._load (module.js:498:3)
    at Function.Module.runMain (module.js:694:10)
  errno: 'ECONNREFUSED',
  code: 'ECONNREFUSED',
  syscall: 'connect',
  address: '127.0.0.1',
  port: 3306,
  fatal: true }
rows undefined
fields undefined
[32m[nodemon] restarting due to changes...[39m
[32m[nodemon] restarting due to changes...[39m
[32m[nodemon] restarting due to changes...[39m
[32m[nodemon] restarting due to changes...[39m
[32m[nodemon] restarting due to changes...[39m
[32m[nodemon] starting `node ./build/main.js`[39m
[32m[nodemon] restarting due to changes...[39m
[32m[nodemon] restarting due to changes...[39m
[32m[nodemon] restarting due to changes...[39m
[32m[nodemon] restarting due to changes...[39m
[32m[nodemon] restarting due to changes...[39m
[32m[nodemon] starting `node ./build/main.js`[39m
[32m[nodemon] restarting due to changes...[39m
[32m[nodemon] restarting due to changes...[39m
[32m[nodemon] restarting due to changes...[39m
[32m[nodemon] restarting due to changes...[39m
[32m[nodemon] restarting due to changes...[39m
[32m[nodemon] restarting due to changes...[39m
Listening at http://localhost:3000/
error connecting: Error: connect ECONNREFUSED 127.0.0.1:3306
    at TCPConnectWrap.afterConnect [as oncomplete] (net.js:1191:14)
    --------------------
    at Protocol._enqueue (/home/ec2-user/codingmoa/node_modules/mysql/lib/protocol/Protocol.js:144:48)
    at Protocol.handshake (/home/ec2-user/codingmoa/node_modules/mysql/lib/protocol/Protocol.js:51:23)
    at Connection.connect (/home/ec2-user/codingmoa/node_modules/mysql/lib/Connection.js:119:18)
    at Object.<anonymous> (/home/ec2-user/codingmoa/build/main.js:13:6)
    at Module._compile (module.js:653:30)
    at Object.Module._extensions..js (module.js:664:10)
    at Module.load (module.js:566:32)
    at tryModuleLoad (module.js:506:12)
    at Function.Module._load (module.js:498:3)
    at Function.Module.runMain (module.js:694:10)
{ Error: connect ECONNREFUSED 127.0.0.1:3306
    at TCPConnectWrap.afterConnect [as oncomplete] (net.js:1191:14)
    --------------------
    at Protocol._enqueue (/home/ec2-user/codingmoa/node_modules/mysql/lib/protocol/Protocol.js:144:48)
    at Protocol.handshake (/home/ec2-user/codingmoa/node_modules/mysql/lib/protocol/Protocol.js:51:23)
    at Connection.connect (/home/ec2-user/codingmoa/node_modules/mysql/lib/Connection.js:119:18)
    at Object.<anonymous> (/home/ec2-user/codingmoa/build/main.js:13:6)
    at Module._compile (module.js:653:30)
    at Object.Module._extensions..js (module.js:664:10)
    at Module.load (module.js:566:32)
    at tryModuleLoad (module.js:506:12)
    at Function.Module._load (module.js:498:3)
    at Function.Module.runMain (module.js:694:10)
  errno: 'ECONNREFUSED',
  code: 'ECONNREFUSED',
  syscall: 'connect',
  address: '127.0.0.1',
  port: 3306,
  fatal: true }
rows undefined
fields undefined
[32m[nodemon] restarting due to changes...[39m
[32m[nodemon] starting `node ./build/main.js`[39m
[32m[nodemon] restarting due to changes...[39m
[32m[nodemon] starting `node ./build/main.js`[39m
Listening at http://localhost:3000/
error connecting: Error: connect ECONNREFUSED 127.0.0.1:3306
    at TCPConnectWrap.afterConnect [as oncomplete] (net.js:1191:14)
    --------------------
    at Protocol._enqueue (/home/ec2-user/codingmoa/node_modules/mysql/lib/protocol/Protocol.js:144:48)
    at Protocol.handshake (/home/ec2-user/codingmoa/node_modules/mysql/lib/protocol/Protocol.js:51:23)
    at Connection.connect (/home/ec2-user/codingmoa/node_modules/mysql/lib/Connection.js:119:18)
    at Object.<anonymous> (/home/ec2-user/codingmoa/build/main.js:13:6)
    at Module._compile (module.js:653:30)
    at Object.Module._extensions..js (module.js:664:10)
    at Module.load (module.js:566:32)
    at tryModuleLoad (module.js:506:12)
    at Function.Module._load (module.js:498:3)
    at Function.Module.runMain (module.js:694:10)
{ Error: connect ECONNREFUSED 127.0.0.1:3306
    at TCPConnectWrap.afterConnect [as oncomplete] (net.js:1191:14)
    --------------------
    at Protocol._enqueue (/home/ec2-user/codingmoa/node_modules/mysql/lib/protocol/Protocol.js:144:48)
    at Protocol.handshake (/home/ec2-user/codingmoa/node_modules/mysql/lib/protocol/Protocol.js:51:23)
    at Connection.connect (/home/ec2-user/codingmoa/node_modules/mysql/lib/Connection.js:119:18)
    at Object.<anonymous> (/home/ec2-user/codingmoa/build/main.js:13:6)
    at Module._compile (module.js:653:30)
    at Object.Module._extensions..js (module.js:664:10)
    at Module.load (module.js:566:32)
    at tryModuleLoad (module.js:506:12)
    at Function.Module._load (module.js:498:3)
    at Function.Module.runMain (module.js:694:10)
  errno: 'ECONNREFUSED',
  code: 'ECONNREFUSED',
  syscall: 'connect',
  address: '127.0.0.1',
  port: 3306,
  fatal: true }
rows undefined
fields undefined
[32m[nodemon] restarting due to changes...[39m
[32m[nodemon] restarting due to changes...[39m
[32m[nodemon] starting `node ./build/main.js`[39m
Listening at http://localhost:3000/
error connecting: Error: connect ECONNREFUSED 127.0.0.1:3306
    at TCPConnectWrap.afterConnect [as oncomplete] (net.js:1191:14)
    --------------------
    at Protocol._enqueue (/home/ec2-user/codingmoa/node_modules/mysql/lib/protocol/Protocol.js:144:48)
    at Protocol.handshake (/home/ec2-user/codingmoa/node_modules/mysql/lib/protocol/Protocol.js:51:23)
    at Connection.connect (/home/ec2-user/codingmoa/node_modules/mysql/lib/Connection.js:119:18)
    at Object.<anonymous> (/home/ec2-user/codingmoa/build/main.js:13:6)
    at Module._compile (module.js:653:30)
    at Object.Module._extensions..js (module.js:664:10)
    at Module.load (module.js:566:32)
    at tryModuleLoad (module.js:506:12)
    at Function.Module._load (module.js:498:3)
    at Function.Module.runMain (module.js:694:10)
{ Error: connect ECONNREFUSED 127.0.0.1:3306
    at TCPConnectWrap.afterConnect [as oncomplete] (net.js:1191:14)
    --------------------
    at Protocol._enqueue (/home/ec2-user/codingmoa/node_modules/mysql/lib/protocol/Protocol.js:144:48)
    at Protocol.handshake (/home/ec2-user/codingmoa/node_modules/mysql/lib/protocol/Protocol.js:51:23)
    at Connection.connect (/home/ec2-user/codingmoa/node_modules/mysql/lib/Connection.js:119:18)
    at Object.<anonymous> (/home/ec2-user/codingmoa/build/main.js:13:6)
    at Module._compile (module.js:653:30)
    at Object.Module._extensions..js (module.js:664:10)
    at Module.load (module.js:566:32)
    at tryModuleLoad (module.js:506:12)
    at Function.Module._load (module.js:498:3)
    at Function.Module.runMain (module.js:694:10)
  errno: 'ECONNREFUSED',
  code: 'ECONNREFUSED',
  syscall: 'connect',
  address: '127.0.0.1',
  port: 3306,
  fatal: true }
rows undefined
fields undefined
[32m[nodemon] restarting due to changes...[39m
[32m[nodemon] restarting due to changes...[39m
[32m[nodemon] starting `node ./build/main.js`[39m
Listening at http://localhost:3000/
error connecting: Error: connect ECONNREFUSED 127.0.0.1:3306
    at TCPConnectWrap.afterConnect [as oncomplete] (net.js:1191:14)
    --------------------
    at Protocol._enqueue (/home/ec2-user/codingmoa/node_modules/mysql/lib/protocol/Protocol.js:144:48)
    at Protocol.handshake (/home/ec2-user/codingmoa/node_modules/mysql/lib/protocol/Protocol.js:51:23)
    at Connection.connect (/home/ec2-user/codingmoa/node_modules/mysql/lib/Connection.js:119:18)
    at Object.<anonymous> (/home/ec2-user/codingmoa/build/main.js:13:6)
    at Module._compile (module.js:653:30)
    at Object.Module._extensions..js (module.js:664:10)
    at Module.load (module.js:566:32)
    at tryModuleLoad (module.js:506:12)
    at Function.Module._load (module.js:498:3)
    at Function.Module.runMain (module.js:694:10)
{ Error: connect ECONNREFUSED 127.0.0.1:3306
    at TCPConnectWrap.afterConnect [as oncomplete] (net.js:1191:14)
    --------------------
    at Protocol._enqueue (/home/ec2-user/codingmoa/node_modules/mysql/lib/protocol/Protocol.js:144:48)
    at Protocol.handshake (/home/ec2-user/codingmoa/node_modules/mysql/lib/protocol/Protocol.js:51:23)
    at Connection.connect (/home/ec2-user/codingmoa/node_modules/mysql/lib/Connection.js:119:18)
    at Object.<anonymous> (/home/ec2-user/codingmoa/build/main.js:13:6)
    at Module._compile (module.js:653:30)
    at Object.Module._extensions..js (module.js:664:10)
    at Module.load (module.js:566:32)
    at tryModuleLoad (module.js:506:12)
    at Function.Module._load (module.js:498:3)
    at Function.Module.runMain (module.js:694:10)
  errno: 'ECONNREFUSED',
  code: 'ECONNREFUSED',
  syscall: 'connect',
  address: '127.0.0.1',
  port: 3306,
  fatal: true }
rows undefined
fields undefined
[32m[nodemon] restarting due to changes...[39m
[32m[nodemon] starting `node ./build/main.js`[39m
Listening at http://localhost:3000/
error connecting: Error: connect ECONNREFUSED 127.0.0.1:3306
    at TCPConnectWrap.afterConnect [as oncomplete] (net.js:1191:14)
    --------------------
    at Protocol._enqueue (/home/ec2-user/codingmoa/node_modules/mysql/lib/protocol/Protocol.js:144:48)
    at Protocol.handshake (/home/ec2-user/codingmoa/node_modules/mysql/lib/protocol/Protocol.js:51:23)
    at Connection.connect (/home/ec2-user/codingmoa/node_modules/mysql/lib/Connection.js:119:18)
    at Object.<anonymous> (/home/ec2-user/codingmoa/build/main.js:13:6)
    at Module._compile (module.js:653:30)
    at Object.Module._extensions..js (module.js:664:10)
    at Module.load (module.js:566:32)
    at tryModuleLoad (module.js:506:12)
    at Function.Module._load (module.js:498:3)
    at Function.Module.runMain (module.js:694:10)
{ Error: connect ECONNREFUSED 127.0.0.1:3306
    at TCPConnectWrap.afterConnect [as oncomplete] (net.js:1191:14)
    --------------------
    at Protocol._enqueue (/home/ec2-user/codingmoa/node_modules/mysql/lib/protocol/Protocol.js:144:48)
    at Protocol.handshake (/home/ec2-user/codingmoa/node_modules/mysql/lib/protocol/Protocol.js:51:23)
    at Connection.connect (/home/ec2-user/codingmoa/node_modules/mysql/lib/Connection.js:119:18)
    at Object.<anonymous> (/home/ec2-user/codingmoa/build/main.js:13:6)
    at Module._compile (module.js:653:30)
    at Object.Module._extensions..js (module.js:664:10)
    at Module.load (module.js:566:32)
    at tryModuleLoad (module.js:506:12)
    at Function.Module._load (module.js:498:3)
    at Function.Module.runMain (module.js:694:10)
  errno: 'ECONNREFUSED',
  code: 'ECONNREFUSED',
  syscall: 'connect',
  address: '127.0.0.1',
  port: 3306,
  fatal: true }
rows undefined
fields undefined
[32m[nodemon] restarting due to changes...[39m
[32m[nodemon] starting `node ./build/main.js`[39m
Listening at http://localhost:3000/
error connecting: Error: connect ECONNREFUSED 127.0.0.1:3306
    at TCPConnectWrap.afterConnect [as oncomplete] (net.js:1191:14)
    --------------------
    at Protocol._enqueue (/home/ec2-user/codingmoa/node_modules/mysql/lib/protocol/Protocol.js:144:48)
    at Protocol.handshake (/home/ec2-user/codingmoa/node_modules/mysql/lib/protocol/Protocol.js:51:23)
    at Connection.connect (/home/ec2-user/codingmoa/node_modules/mysql/lib/Connection.js:119:18)
    at Object.<anonymous> (/home/ec2-user/codingmoa/build/main.js:13:6)
    at Module._compile (module.js:653:30)
    at Object.Module._extensions..js (module.js:664:10)
    at Module.load (module.js:566:32)
    at tryModuleLoad (module.js:506:12)
    at Function.Module._load (module.js:498:3)
    at Function.Module.runMain (module.js:694:10)
{ Error: connect ECONNREFUSED 127.0.0.1:3306
    at TCPConnectWrap.afterConnect [as oncomplete] (net.js:1191:14)
    --------------------
    at Protocol._enqueue (/home/ec2-user/codingmoa/node_modules/mysql/lib/protocol/Protocol.js:144:48)
    at Protocol.handshake (/home/ec2-user/codingmoa/node_modules/mysql/lib/protocol/Protocol.js:51:23)
    at Connection.connect (/home/ec2-user/codingmoa/node_modules/mysql/lib/Connection.js:119:18)
    at Object.<anonymous> (/home/ec2-user/codingmoa/build/main.js:13:6)
    at Module._compile (module.js:653:30)
    at Object.Module._extensions..js (module.js:664:10)
    at Module.load (module.js:566:32)
    at tryModuleLoad (module.js:506:12)
    at Function.Module._load (module.js:498:3)
    at Function.Module.runMain (module.js:694:10)
  errno: 'ECONNREFUSED',
  code: 'ECONNREFUSED',
  syscall: 'connect',
  address: '127.0.0.1',
  port: 3306,
  fatal: true }
rows undefined
fields undefined
[32m[nodemon] restarting due to changes...[39m
[32m[nodemon] starting `node ./build/main.js`[39m
Listening at http://localhost:3000/
error connecting: Error: connect ECONNREFUSED 127.0.0.1:3306
    at TCPConnectWrap.afterConnect [as oncomplete] (net.js:1191:14)
    --------------------
    at Protocol._enqueue (/home/ec2-user/codingmoa/node_modules/mysql/lib/protocol/Protocol.js:144:48)
    at Protocol.handshake (/home/ec2-user/codingmoa/node_modules/mysql/lib/protocol/Protocol.js:51:23)
    at Connection.connect (/home/ec2-user/codingmoa/node_modules/mysql/lib/Connection.js:119:18)
    at Object.<anonymous> (/home/ec2-user/codingmoa/build/main.js:13:6)
    at Module._compile (module.js:653:30)
    at Object.Module._extensions..js (module.js:664:10)
    at Module.load (module.js:566:32)
    at tryModuleLoad (module.js:506:12)
    at Function.Module._load (module.js:498:3)
    at Function.Module.runMain (module.js:694:10)
{ Error: connect ECONNREFUSED 127.0.0.1:3306
    at TCPConnectWrap.afterConnect [as oncomplete] (net.js:1191:14)
    --------------------
    at Protocol._enqueue (/home/ec2-user/codingmoa/node_modules/mysql/lib/protocol/Protocol.js:144:48)
    at Protocol.handshake (/home/ec2-user/codingmoa/node_modules/mysql/lib/protocol/Protocol.js:51:23)
    at Connection.connect (/home/ec2-user/codingmoa/node_modules/mysql/lib/Connection.js:119:18)
    at Object.<anonymous> (/home/ec2-user/codingmoa/build/main.js:13:6)
    at Module._compile (module.js:653:30)
    at Object.Module._extensions..js (module.js:664:10)
    at Module.load (module.js:566:32)
    at tryModuleLoad (module.js:506:12)
    at Function.Module._load (module.js:498:3)
    at Function.Module.runMain (module.js:694:10)
  errno: 'ECONNREFUSED',
  code: 'ECONNREFUSED',
  syscall: 'connect',
  address: '127.0.0.1',
  port: 3306,
  fatal: true }
rows undefined
fields undefined
[32m[nodemon] restarting due to changes...[39m
[32m[nodemon] starting `node ./build/main.js`[39m
Listening at http://localhost:3000/
error connecting: Error: connect ECONNREFUSED 127.0.0.1:3306
    at TCPConnectWrap.afterConnect [as oncomplete] (net.js:1191:14)
    --------------------
    at Protocol._enqueue (/home/ec2-user/codingmoa/node_modules/mysql/lib/protocol/Protocol.js:144:48)
    at Protocol.handshake (/home/ec2-user/codingmoa/node_modules/mysql/lib/protocol/Protocol.js:51:23)
    at Connection.connect (/home/ec2-user/codingmoa/node_modules/mysql/lib/Connection.js:119:18)
    at Object.<anonymous> (/home/ec2-user/codingmoa/build/main.js:13:6)
    at Module._compile (module.js:653:30)
    at Object.Module._extensions..js (module.js:664:10)
    at Module.load (module.js:566:32)
    at tryModuleLoad (module.js:506:12)
    at Function.Module._load (module.js:498:3)
    at Function.Module.runMain (module.js:694:10)
{ Error: connect ECONNREFUSED 127.0.0.1:3306
    at TCPConnectWrap.afterConnect [as oncomplete] (net.js:1191:14)
    --------------------
    at Protocol._enqueue (/home/ec2-user/codingmoa/node_modules/mysql/lib/protocol/Protocol.js:144:48)
    at Protocol.handshake (/home/ec2-user/codingmoa/node_modules/mysql/lib/protocol/Protocol.js:51:23)
    at Connection.connect (/home/ec2-user/codingmoa/node_modules/mysql/lib/Connection.js:119:18)
    at Object.<anonymous> (/home/ec2-user/codingmoa/build/main.js:13:6)
    at Module._compile (module.js:653:30)
    at Object.Module._extensions..js (module.js:664:10)
    at Module.load (module.js:566:32)
    at tryModuleLoad (module.js:506:12)
    at Function.Module._load (module.js:498:3)
    at Function.Module.runMain (module.js:694:10)
  errno: 'ECONNREFUSED',
  code: 'ECONNREFUSED',
  syscall: 'connect',
  address: '127.0.0.1',
  port: 3306,
  fatal: true }
rows undefined
fields undefined
[32m[nodemon] restarting due to changes...[39m
[32m[nodemon] starting `node ./build/main.js`[39m
Listening at http://localhost:3000/
error connecting: Error: connect ECONNREFUSED 127.0.0.1:3306
    at TCPConnectWrap.afterConnect [as oncomplete] (net.js:1191:14)
    --------------------
    at Protocol._enqueue (/home/ec2-user/codingmoa/node_modules/mysql/lib/protocol/Protocol.js:144:48)
    at Protocol.handshake (/home/ec2-user/codingmoa/node_modules/mysql/lib/protocol/Protocol.js:51:23)
    at Connection.connect (/home/ec2-user/codingmoa/node_modules/mysql/lib/Connection.js:119:18)
    at Object.<anonymous> (/home/ec2-user/codingmoa/build/main.js:13:6)
    at Module._compile (module.js:653:30)
    at Object.Module._extensions..js (module.js:664:10)
    at Module.load (module.js:566:32)
    at tryModuleLoad (module.js:506:12)
    at Function.Module._load (module.js:498:3)
    at Function.Module.runMain (module.js:694:10)
{ Error: connect ECONNREFUSED 127.0.0.1:3306
    at TCPConnectWrap.afterConnect [as oncomplete] (net.js:1191:14)
    --------------------
    at Protocol._enqueue (/home/ec2-user/codingmoa/node_modules/mysql/lib/protocol/Protocol.js:144:48)
    at Protocol.handshake (/home/ec2-user/codingmoa/node_modules/mysql/lib/protocol/Protocol.js:51:23)
    at Connection.connect (/home/ec2-user/codingmoa/node_modules/mysql/lib/Connection.js:119:18)
    at Object.<anonymous> (/home/ec2-user/codingmoa/build/main.js:13:6)
    at Module._compile (module.js:653:30)
    at Object.Module._extensions..js (module.js:664:10)
    at Module.load (module.js:566:32)
    at tryModuleLoad (module.js:506:12)
    at Function.Module._load (module.js:498:3)
    at Function.Module.runMain (module.js:694:10)
  errno: 'ECONNREFUSED',
  code: 'ECONNREFUSED',
  syscall: 'connect',
  address: '127.0.0.1',
  port: 3306,
  fatal: true }
rows undefined
fields undefined
[32m[nodemon] restarting due to changes...[39m
[32m[nodemon] restarting due to changes...[39m
[32m[nodemon] starting `node ./build/main.js`[39m
Listening at http://localhost:3000/
error connecting: Error: connect ECONNREFUSED 127.0.0.1:3306
    at TCPConnectWrap.afterConnect [as oncomplete] (net.js:1191:14)
    --------------------
    at Protocol._enqueue (/home/ec2-user/codingmoa/node_modules/mysql/lib/protocol/Protocol.js:144:48)
    at Protocol.handshake (/home/ec2-user/codingmoa/node_modules/mysql/lib/protocol/Protocol.js:51:23)
    at Connection.connect (/home/ec2-user/codingmoa/node_modules/mysql/lib/Connection.js:119:18)
    at Object.<anonymous> (/home/ec2-user/codingmoa/build/main.js:13:6)
    at Module._compile (module.js:653:30)
    at Object.Module._extensions..js (module.js:664:10)
    at Module.load (module.js:566:32)
    at tryModuleLoad (module.js:506:12)
    at Function.Module._load (module.js:498:3)
    at Function.Module.runMain (module.js:694:10)
{ Error: connect ECONNREFUSED 127.0.0.1:3306
    at TCPConnectWrap.afterConnect [as oncomplete] (net.js:1191:14)
    --------------------
    at Protocol._enqueue (/home/ec2-user/codingmoa/node_modules/mysql/lib/protocol/Protocol.js:144:48)
    at Protocol.handshake (/home/ec2-user/codingmoa/node_modules/mysql/lib/protocol/Protocol.js:51:23)
    at Connection.connect (/home/ec2-user/codingmoa/node_modules/mysql/lib/Connection.js:119:18)
    at Object.<anonymous> (/home/ec2-user/codingmoa/build/main.js:13:6)
    at Module._compile (module.js:653:30)
    at Object.Module._extensions..js (module.js:664:10)
    at Module.load (module.js:566:32)
    at tryModuleLoad (module.js:506:12)
    at Function.Module._load (module.js:498:3)
    at Function.Module.runMain (module.js:694:10)
  errno: 'ECONNREFUSED',
  code: 'ECONNREFUSED',
  syscall: 'connect',
  address: '127.0.0.1',
  port: 3306,
  fatal: true }
rows undefined
fields undefined
[32m[nodemon] restarting due to changes...[39m
[32m[nodemon] restarting due to changes...[39m
[32m[nodemon] starting `node ./build/main.js`[39m
Listening at http://localhost:3000/
error connecting: Error: connect ECONNREFUSED 127.0.0.1:3306
    at TCPConnectWrap.afterConnect [as oncomplete] (net.js:1191:14)
    --------------------
    at Protocol._enqueue (/home/ec2-user/codingmoa/node_modules/mysql/lib/protocol/Protocol.js:144:48)
    at Protocol.handshake (/home/ec2-user/codingmoa/node_modules/mysql/lib/protocol/Protocol.js:51:23)
    at Connection.connect (/home/ec2-user/codingmoa/node_modules/mysql/lib/Connection.js:119:18)
    at Object.<anonymous> (/home/ec2-user/codingmoa/build/main.js:13:6)
    at Module._compile (module.js:653:30)
    at Object.Module._extensions..js (module.js:664:10)
    at Module.load (module.js:566:32)
    at tryModuleLoad (module.js:506:12)
    at Function.Module._load (module.js:498:3)
    at Function.Module.runMain (module.js:694:10)
{ Error: connect ECONNREFUSED 127.0.0.1:3306
    at TCPConnectWrap.afterConnect [as oncomplete] (net.js:1191:14)
    --------------------
    at Protocol._enqueue (/home/ec2-user/codingmoa/node_modules/mysql/lib/protocol/Protocol.js:144:48)
    at Protocol.handshake (/home/ec2-user/codingmoa/node_modules/mysql/lib/protocol/Protocol.js:51:23)
    at Connection.connect (/home/ec2-user/codingmoa/node_modules/mysql/lib/Connection.js:119:18)
    at Object.<anonymous> (/home/ec2-user/codingmoa/build/main.js:13:6)
    at Module._compile (module.js:653:30)
    at Object.Module._extensions..js (module.js:664:10)
    at Module.load (module.js:566:32)
    at tryModuleLoad (module.js:506:12)
    at Function.Module._load (module.js:498:3)
    at Function.Module.runMain (module.js:694:10)
  errno: 'ECONNREFUSED',
  code: 'ECONNREFUSED',
  syscall: 'connect',
  address: '127.0.0.1',
  port: 3306,
  fatal: true }
rows undefined
fields undefined
[32m[nodemon] restarting due to changes...[39m
[32m[nodemon] starting `node ./build/main.js`[39m
Listening at http://localhost:3000/
error connecting: Error: connect ECONNREFUSED 127.0.0.1:3306
    at TCPConnectWrap.afterConnect [as oncomplete] (net.js:1191:14)
    --------------------
    at Protocol._enqueue (/home/ec2-user/codingmoa/node_modules/mysql/lib/protocol/Protocol.js:144:48)
    at Protocol.handshake (/home/ec2-user/codingmoa/node_modules/mysql/lib/protocol/Protocol.js:51:23)
    at Connection.connect (/home/ec2-user/codingmoa/node_modules/mysql/lib/Connection.js:119:18)
    at Object.<anonymous> (/home/ec2-user/codingmoa/build/main.js:13:6)
    at Module._compile (module.js:653:30)
    at Object.Module._extensions..js (module.js:664:10)
    at Module.load (module.js:566:32)
    at tryModuleLoad (module.js:506:12)
    at Function.Module._load (module.js:498:3)
    at Function.Module.runMain (module.js:694:10)
{ Error: connect ECONNREFUSED 127.0.0.1:3306
    at TCPConnectWrap.afterConnect [as oncomplete] (net.js:1191:14)
    --------------------
    at Protocol._enqueue (/home/ec2-user/codingmoa/node_modules/mysql/lib/protocol/Protocol.js:144:48)
    at Protocol.handshake (/home/ec2-user/codingmoa/node_modules/mysql/lib/protocol/Protocol.js:51:23)
    at Connection.connect (/home/ec2-user/codingmoa/node_modules/mysql/lib/Connection.js:119:18)
    at Object.<anonymous> (/home/ec2-user/codingmoa/build/main.js:13:6)
    at Module._compile (module.js:653:30)
    at Object.Module._extensions..js (module.js:664:10)
    at Module.load (module.js:566:32)
    at tryModuleLoad (module.js:506:12)
    at Function.Module._load (module.js:498:3)
    at Function.Module.runMain (module.js:694:10)
  errno: 'ECONNREFUSED',
  code: 'ECONNREFUSED',
  syscall: 'connect',
  address: '127.0.0.1',
  port: 3306,
  fatal: true }
rows undefined
fields undefined
[32m[nodemon] restarting due to changes...[39m
[32m[nodemon] starting `node ./build/main.js`[39m
Listening at http://localhost:3000/
error connecting: Error: connect ECONNREFUSED 127.0.0.1:3306
    at TCPConnectWrap.afterConnect [as oncomplete] (net.js:1191:14)
    --------------------
    at Protocol._enqueue (/home/ec2-user/codingmoa/node_modules/mysql/lib/protocol/Protocol.js:144:48)
    at Protocol.handshake (/home/ec2-user/codingmoa/node_modules/mysql/lib/protocol/Protocol.js:51:23)
    at Connection.connect (/home/ec2-user/codingmoa/node_modules/mysql/lib/Connection.js:119:18)
    at Object.<anonymous> (/home/ec2-user/codingmoa/build/main.js:13:6)
    at Module._compile (module.js:653:30)
    at Object.Module._extensions..js (module.js:664:10)
    at Module.load (module.js:566:32)
    at tryModuleLoad (module.js:506:12)
    at Function.Module._load (module.js:498:3)
    at Function.Module.runMain (module.js:694:10)
{ Error: connect ECONNREFUSED 127.0.0.1:3306
    at TCPConnectWrap.afterConnect [as oncomplete] (net.js:1191:14)
    --------------------
    at Protocol._enqueue (/home/ec2-user/codingmoa/node_modules/mysql/lib/protocol/Protocol.js:144:48)
    at Protocol.handshake (/home/ec2-user/codingmoa/node_modules/mysql/lib/protocol/Protocol.js:51:23)
    at Connection.connect (/home/ec2-user/codingmoa/node_modules/mysql/lib/Connection.js:119:18)
    at Object.<anonymous> (/home/ec2-user/codingmoa/build/main.js:13:6)
    at Module._compile (module.js:653:30)
    at Object.Module._extensions..js (module.js:664:10)
    at Module.load (module.js:566:32)
    at tryModuleLoad (module.js:506:12)
    at Function.Module._load (module.js:498:3)
    at Function.Module.runMain (module.js:694:10)
  errno: 'ECONNREFUSED',
  code: 'ECONNREFUSED',
  syscall: 'connect',
  address: '127.0.0.1',
  port: 3306,
  fatal: true }
rows undefined
fields undefined
[32m[nodemon] restarting due to changes...[39m
[32m[nodemon] restarting due to changes...[39m
[32m[nodemon] starting `node ./build/main.js`[39m
Listening at http://localhost:3000/
error connecting: Error: connect ECONNREFUSED 127.0.0.1:3306
    at TCPConnectWrap.afterConnect [as oncomplete] (net.js:1191:14)
    --------------------
    at Protocol._enqueue (/home/ec2-user/codingmoa/node_modules/mysql/lib/protocol/Protocol.js:144:48)
    at Protocol.handshake (/home/ec2-user/codingmoa/node_modules/mysql/lib/protocol/Protocol.js:51:23)
    at Connection.connect (/home/ec2-user/codingmoa/node_modules/mysql/lib/Connection.js:119:18)
    at Object.<anonymous> (/home/ec2-user/codingmoa/build/main.js:13:6)
    at Module._compile (module.js:653:30)
    at Object.Module._extensions..js (module.js:664:10)
    at Module.load (module.js:566:32)
    at tryModuleLoad (module.js:506:12)
    at Function.Module._load (module.js:498:3)
    at Function.Module.runMain (module.js:694:10)
{ Error: connect ECONNREFUSED 127.0.0.1:3306
    at TCPConnectWrap.afterConnect [as oncomplete] (net.js:1191:14)
    --------------------
    at Protocol._enqueue (/home/ec2-user/codingmoa/node_modules/mysql/lib/protocol/Protocol.js:144:48)
    at Protocol.handshake (/home/ec2-user/codingmoa/node_modules/mysql/lib/protocol/Protocol.js:51:23)
    at Connection.connect (/home/ec2-user/codingmoa/node_modules/mysql/lib/Connection.js:119:18)
    at Object.<anonymous> (/home/ec2-user/codingmoa/build/main.js:13:6)
    at Module._compile (module.js:653:30)
    at Object.Module._extensions..js (module.js:664:10)
    at Module.load (module.js:566:32)
    at tryModuleLoad (module.js:506:12)
    at Function.Module._load (module.js:498:3)
    at Function.Module.runMain (module.js:694:10)
  errno: 'ECONNREFUSED',
  code: 'ECONNREFUSED',
  syscall: 'connect',
  address: '127.0.0.1',
  port: 3306,
  fatal: true }
rows undefined
fields undefined

> codingmoa@1.0.0 start /home/ec2-user/codingmoa
> tsc; nodemon ./build/main.js;

[33m[nodemon] 1.19.0[39m
[33m[nodemon] to restart at any time, enter `rs`[39m
[33m[nodemon] watching: *.*[39m
[32m[nodemon] starting `node ./build/main.js`[39m
events.js:183
      throw er; // Unhandled 'error' event
      ^

Error: listen EADDRINUSE :::3000
    at Server.setupListenHandle [as _listen2] (net.js:1360:14)
    at listenInCluster (net.js:1401:12)
    at Server.listen (net.js:1485:7)
    at Function.listen (/home/ec2-user/codingmoa/node_modules/express/lib/application.js:618:24)
    at Server.config (/home/ec2-user/codingmoa/build/main.js:29:18)
    at new Server (/home/ec2-user/codingmoa/build/main.js:25:14)
    at Function.bootstrap (/home/ec2-user/codingmoa/build/main.js:49:16)
    at Object.<anonymous> (/home/ec2-user/codingmoa/build/main.js:54:8)
    at Module._compile (module.js:653:30)
    at Object.Module._extensions..js (module.js:664:10)
[31m[nodemon] app crashed - waiting for file changes before starting...[39m
[32m[nodemon] restarting due to changes...[39m
[32m[nodemon] starting `node ./build/main.js`[39m
[32m[nodemon] restarting due to changes...[39m
[32m[nodemon] restarting due to changes...[39m
[32m[nodemon] restarting due to changes...[39m
[32m[nodemon] restarting due to changes...[39m
[32m[nodemon] restarting due to changes...[39m
[32m[nodemon] restarting due to changes...[39m
[32m[nodemon] restarting due to changes...[39m
[32m[nodemon] restarting due to changes...[39m
[32m[nodemon] restarting due to changes...[39m
[32m[nodemon] restarting due to changes...[39m
[32m[nodemon] starting `node ./build/main.js`[39m
[32m[nodemon] restarting due to changes...[39m
[32m[nodemon] restarting due to changes...[39m
[32m[nodemon] restarting due to changes...[39m
[32m[nodemon] restarting due to changes...[39m
[32m[nodemon] restarting due to changes...[39m
[32m[nodemon] starting `node ./build/main.js`[39m
[32m[nodemon] restarting due to changes...[39m
[32m[nodemon] restarting due to changes...[39m
[32m[nodemon] restarting due to changes...[39m
[32m[nodemon] restarting due to changes...[39m
[32m[nodemon] restarting due to changes...[39m
[32m[nodemon] restarting due to changes...[39m
[32m[nodemon] restarting due to changes...[39m
[32m[nodemon] restarting due to changes...[39m
[32m[nodemon] starting `node ./build/main.js`[39m
events.js:183
      throw er; // Unhandled 'error' event
      ^

Error: listen EADDRINUSE :::3000
    at Server.setupListenHandle [as _listen2] (net.js:1360:14)
    at listenInCluster (net.js:1401:12)
    at Server.listen (net.js:1485:7)
    at Function.listen (/home/ec2-user/codingmoa/node_modules/express/lib/application.js:618:24)
    at Server.config (/home/ec2-user/codingmoa/build/main.js:29:18)
    at new Server (/home/ec2-user/codingmoa/build/main.js:25:14)
    at Function.bootstrap (/home/ec2-user/codingmoa/build/main.js:49:16)
    at Object.<anonymous> (/home/ec2-user/codingmoa/build/main.js:54:8)
    at Module._compile (module.js:653:30)
    at Object.Module._extensions..js (module.js:664:10)
[31m[nodemon] app crashed - waiting for file changes before starting...[39m
[32m[nodemon] restarting due to changes...[39m
[32m[nodemon] starting `node ./build/main.js`[39m
events.js:183
      throw er; // Unhandled 'error' event
      ^

Error: listen EADDRINUSE :::3000
    at Server.setupListenHandle [as _listen2] (net.js:1360:14)
    at listenInCluster (net.js:1401:12)
    at Server.listen (net.js:1485:7)
    at Function.listen (/home/ec2-user/codingmoa/node_modules/express/lib/application.js:618:24)
    at Server.config (/home/ec2-user/codingmoa/build/main.js:29:18)
    at new Server (/home/ec2-user/codingmoa/build/main.js:25:14)
    at Function.bootstrap (/home/ec2-user/codingmoa/build/main.js:49:16)
    at Object.<anonymous> (/home/ec2-user/codingmoa/build/main.js:54:8)
    at Module._compile (module.js:653:30)
    at Object.Module._extensions..js (module.js:664:10)
[31m[nodemon] app crashed - waiting for file changes before starting...[39m
[32m[nodemon] restarting due to changes...[39m
[32m[nodemon] starting `node ./build/main.js`[39m
events.js:183
      throw er; // Unhandled 'error' event
      ^

Error: listen EADDRINUSE :::3000
    at Server.setupListenHandle [as _listen2] (net.js:1360:14)
    at listenInCluster (net.js:1401:12)
    at Server.listen (net.js:1485:7)
    at Function.listen (/home/ec2-user/codingmoa/node_modules/express/lib/application.js:618:24)
    at Server.config (/home/ec2-user/codingmoa/build/main.js:29:18)
    at new Server (/home/ec2-user/codingmoa/build/main.js:25:14)
    at Function.bootstrap (/home/ec2-user/codingmoa/build/main.js:49:16)
    at Object.<anonymous> (/home/ec2-user/codingmoa/build/main.js:54:8)
    at Module._compile (module.js:653:30)
    at Object.Module._extensions..js (module.js:664:10)
[31m[nodemon] app crashed - waiting for file changes before starting...[39m
[32m[nodemon] restarting due to changes...[39m
[32m[nodemon] starting `node ./build/main.js`[39m
events.js:183
      throw er; // Unhandled 'error' event
      ^

Error: listen EADDRINUSE :::3000
    at Server.setupListenHandle [as _listen2] (net.js:1360:14)
    at listenInCluster (net.js:1401:12)
    at Server.listen (net.js:1485:7)
    at Function.listen (/home/ec2-user/codingmoa/node_modules/express/lib/application.js:618:24)
    at Server.config (/home/ec2-user/codingmoa/build/main.js:29:18)
    at new Server (/home/ec2-user/codingmoa/build/main.js:25:14)
    at Function.bootstrap (/home/ec2-user/codingmoa/build/main.js:49:16)
    at Object.<anonymous> (/home/ec2-user/codingmoa/build/main.js:54:8)
    at Module._compile (module.js:653:30)
    at Object.Module._extensions..js (module.js:664:10)
[31m[nodemon] app crashed - waiting for file changes before starting...[39m
[32m[nodemon] restarting due to changes...[39m
[32m[nodemon] starting `node ./build/main.js`[39m
events.js:183
      throw er; // Unhandled 'error' event
      ^

Error: listen EADDRINUSE :::3000
    at Server.setupListenHandle [as _listen2] (net.js:1360:14)
    at listenInCluster (net.js:1401:12)
    at Server.listen (net.js:1485:7)
    at Function.listen (/home/ec2-user/codingmoa/node_modules/express/lib/application.js:618:24)
    at Server.config (/home/ec2-user/codingmoa/build/main.js:29:18)
    at new Server (/home/ec2-user/codingmoa/build/main.js:25:14)
    at Function.bootstrap (/home/ec2-user/codingmoa/build/main.js:49:16)
    at Object.<anonymous> (/home/ec2-user/codingmoa/build/main.js:54:8)
    at Module._compile (module.js:653:30)
    at Object.Module._extensions..js (module.js:664:10)
[31m[nodemon] app crashed - waiting for file changes before starting...[39m
[32m[nodemon] restarting due to changes...[39m
[32m[nodemon] starting `node ./build/main.js`[39m
events.js:183
      throw er; // Unhandled 'error' event
      ^

Error: listen EADDRINUSE :::3000
    at Server.setupListenHandle [as _listen2] (net.js:1360:14)
    at listenInCluster (net.js:1401:12)
    at Server.listen (net.js:1485:7)
    at Function.listen (/home/ec2-user/codingmoa/node_modules/express/lib/application.js:618:24)
    at Server.config (/home/ec2-user/codingmoa/build/main.js:29:18)
    at new Server (/home/ec2-user/codingmoa/build/main.js:25:14)
    at Function.bootstrap (/home/ec2-user/codingmoa/build/main.js:49:16)
    at Object.<anonymous> (/home/ec2-user/codingmoa/build/main.js:54:8)
    at Module._compile (module.js:653:30)
    at Object.Module._extensions..js (module.js:664:10)
[31m[nodemon] app crashed - waiting for file changes before starting...[39m
[32m[nodemon] restarting due to changes...[39m
[32m[nodemon] starting `node ./build/main.js`[39m
events.js:183
      throw er; // Unhandled 'error' event
      ^

Error: listen EADDRINUSE :::3000
    at Server.setupListenHandle [as _listen2] (net.js:1360:14)
    at listenInCluster (net.js:1401:12)
    at Server.listen (net.js:1485:7)
    at Function.listen (/home/ec2-user/codingmoa/node_modules/express/lib/application.js:618:24)
    at Server.config (/home/ec2-user/codingmoa/build/main.js:29:18)
    at new Server (/home/ec2-user/codingmoa/build/main.js:25:14)
    at Function.bootstrap (/home/ec2-user/codingmoa/build/main.js:49:16)
    at Object.<anonymous> (/home/ec2-user/codingmoa/build/main.js:54:8)
    at Module._compile (module.js:653:30)
    at Object.Module._extensions..js (module.js:664:10)
[31m[nodemon] app crashed - waiting for file changes before starting...[39m
[32m[nodemon] restarting due to changes...[39m
[32m[nodemon] starting `node ./build/main.js`[39m
events.js:183
      throw er; // Unhandled 'error' event
      ^

Error: listen EADDRINUSE :::3000
    at Server.setupListenHandle [as _listen2] (net.js:1360:14)
    at listenInCluster (net.js:1401:12)
    at Server.listen (net.js:1485:7)
    at Function.listen (/home/ec2-user/codingmoa/node_modules/express/lib/application.js:618:24)
    at Server.config (/home/ec2-user/codingmoa/build/main.js:29:18)
    at new Server (/home/ec2-user/codingmoa/build/main.js:25:14)
    at Function.bootstrap (/home/ec2-user/codingmoa/build/main.js:49:16)
    at Object.<anonymous> (/home/ec2-user/codingmoa/build/main.js:54:8)
    at Module._compile (module.js:653:30)
    at Object.Module._extensions..js (module.js:664:10)
[31m[nodemon] app crashed - waiting for file changes before starting...[39m
[32m[nodemon] restarting due to changes...[39m
[32m[nodemon] starting `node ./build/main.js`[39m
events.js:183
      throw er; // Unhandled 'error' event
      ^

Error: listen EADDRINUSE :::3000
    at Server.setupListenHandle [as _listen2] (net.js:1360:14)
    at listenInCluster (net.js:1401:12)
    at Server.listen (net.js:1485:7)
    at Function.listen (/home/ec2-user/codingmoa/node_modules/express/lib/application.js:618:24)
    at Server.config (/home/ec2-user/codingmoa/build/main.js:29:18)
    at new Server (/home/ec2-user/codingmoa/build/main.js:25:14)
    at Function.bootstrap (/home/ec2-user/codingmoa/build/main.js:49:16)
    at Object.<anonymous> (/home/ec2-user/codingmoa/build/main.js:54:8)
    at Module._compile (module.js:653:30)
    at Object.Module._extensions..js (module.js:664:10)
[31m[nodemon] app crashed - waiting for file changes before starting...[39m
[32m[nodemon] restarting due to changes...[39m
[32m[nodemon] starting `node ./build/main.js`[39m
(node:20636) MaxListenersExceededWarning: Possible EventEmitter memory leak detected. 11 exit listeners added. Use emitter.setMaxListeners() to increase limit
events.js:183
      throw er; // Unhandled 'error' event
      ^

Error: listen EADDRINUSE :::3000
    at Server.setupListenHandle [as _listen2] (net.js:1360:14)
    at listenInCluster (net.js:1401:12)
    at Server.listen (net.js:1485:7)
    at Function.listen (/home/ec2-user/codingmoa/node_modules/express/lib/application.js:618:24)
    at Server.config (/home/ec2-user/codingmoa/build/main.js:29:18)
    at new Server (/home/ec2-user/codingmoa/build/main.js:25:14)
    at Function.bootstrap (/home/ec2-user/codingmoa/build/main.js:49:16)
    at Object.<anonymous> (/home/ec2-user/codingmoa/build/main.js:54:8)
    at Module._compile (module.js:653:30)
    at Object.Module._extensions..js (module.js:664:10)
[31m[nodemon] app crashed - waiting for file changes before starting...[39m
[32m[nodemon] restarting due to changes...[39m
[32m[nodemon] starting `node ./build/main.js`[39m
events.js:183
      throw er; // Unhandled 'error' event
      ^

Error: listen EADDRINUSE :::3000
    at Server.setupListenHandle [as _listen2] (net.js:1360:14)
    at listenInCluster (net.js:1401:12)
    at Server.listen (net.js:1485:7)
    at Function.listen (/home/ec2-user/codingmoa/node_modules/express/lib/application.js:618:24)
    at Server.config (/home/ec2-user/codingmoa/build/main.js:29:18)
    at new Server (/home/ec2-user/codingmoa/build/main.js:25:14)
    at Function.bootstrap (/home/ec2-user/codingmoa/build/main.js:49:16)
    at Object.<anonymous> (/home/ec2-user/codingmoa/build/main.js:54:8)
    at Module._compile (module.js:653:30)
    at Object.Module._extensions..js (module.js:664:10)
[31m[nodemon] app crashed - waiting for file changes before starting...[39m
[32m[nodemon] restarting due to changes...[39m
[32m[nodemon] starting `node ./build/main.js`[39m
events.js:183
      throw er; // Unhandled 'error' event
      ^

Error: listen EADDRINUSE :::3000
    at Server.setupListenHandle [as _listen2] (net.js:1360:14)
    at listenInCluster (net.js:1401:12)
    at Server.listen (net.js:1485:7)
    at Function.listen (/home/ec2-user/codingmoa/node_modules/express/lib/application.js:618:24)
    at Server.config (/home/ec2-user/codingmoa/build/main.js:29:18)
    at new Server (/home/ec2-user/codingmoa/build/main.js:25:14)
    at Function.bootstrap (/home/ec2-user/codingmoa/build/main.js:49:16)
    at Object.<anonymous> (/home/ec2-user/codingmoa/build/main.js:54:8)
    at Module._compile (module.js:653:30)
    at Object.Module._extensions..js (module.js:664:10)
[31m[nodemon] app crashed - waiting for file changes before starting...[39m
[32m[nodemon] restarting due to changes...[39m
[32m[nodemon] starting `node ./build/main.js`[39m
events.js:183
      throw er; // Unhandled 'error' event
      ^

Error: listen EADDRINUSE :::3000
    at Server.setupListenHandle [as _listen2] (net.js:1360:14)
    at listenInCluster (net.js:1401:12)
    at Server.listen (net.js:1485:7)
    at Function.listen (/home/ec2-user/codingmoa/node_modules/express/lib/application.js:618:24)
    at Server.config (/home/ec2-user/codingmoa/build/main.js:29:18)
    at new Server (/home/ec2-user/codingmoa/build/main.js:25:14)
    at Function.bootstrap (/home/ec2-user/codingmoa/build/main.js:49:16)
    at Object.<anonymous> (/home/ec2-user/codingmoa/build/main.js:54:8)
    at Module._compile (module.js:653:30)
    at Object.Module._extensions..js (module.js:664:10)
[31m[nodemon] app crashed - waiting for file changes before starting...[39m
[32m[nodemon] restarting due to changes...[39m
[32m[nodemon] starting `node ./build/main.js`[39m
events.js:183
      throw er; // Unhandled 'error' event
      ^

Error: listen EADDRINUSE :::3000
    at Server.setupListenHandle [as _listen2] (net.js:1360:14)
    at listenInCluster (net.js:1401:12)
    at Server.listen (net.js:1485:7)
    at Function.listen (/home/ec2-user/codingmoa/node_modules/express/lib/application.js:618:24)
    at Server.config (/home/ec2-user/codingmoa/build/main.js:29:18)
    at new Server (/home/ec2-user/codingmoa/build/main.js:25:14)
    at Function.bootstrap (/home/ec2-user/codingmoa/build/main.js:49:16)
    at Object.<anonymous> (/home/ec2-user/codingmoa/build/main.js:54:8)
    at Module._compile (module.js:653:30)
    at Object.Module._extensions..js (module.js:664:10)
[31m[nodemon] app crashed - waiting for file changes before starting...[39m
[32m[nodemon] restarting due to changes...[39m
[32m[nodemon] starting `node ./build/main.js`[39m
events.js:183
      throw er; // Unhandled 'error' event
      ^

Error: listen EADDRINUSE :::3000
    at Server.setupListenHandle [as _listen2] (net.js:1360:14)
    at listenInCluster (net.js:1401:12)
    at Server.listen (net.js:1485:7)
    at Function.listen (/home/ec2-user/codingmoa/node_modules/express/lib/application.js:618:24)
    at Server.config (/home/ec2-user/codingmoa/build/main.js:29:18)
    at new Server (/home/ec2-user/codingmoa/build/main.js:25:14)
    at Function.bootstrap (/home/ec2-user/codingmoa/build/main.js:49:16)
    at Object.<anonymous> (/home/ec2-user/codingmoa/build/main.js:54:8)
    at Module._compile (module.js:653:30)
    at Object.Module._extensions..js (module.js:664:10)
[31m[nodemon] app crashed - waiting for file changes before starting...[39m
[32m[nodemon] restarting due to changes...[39m
[32m[nodemon] starting `node ./build/main.js`[39m
events.js:183
      throw er; // Unhandled 'error' event
      ^

Error: listen EADDRINUSE :::3000
    at Server.setupListenHandle [as _listen2] (net.js:1360:14)
    at listenInCluster (net.js:1401:12)
    at Server.listen (net.js:1485:7)
    at Function.listen (/home/ec2-user/codingmoa/node_modules/express/lib/application.js:618:24)
    at Server.config (/home/ec2-user/codingmoa/build/main.js:29:18)
    at new Server (/home/ec2-user/codingmoa/build/main.js:25:14)
    at Function.bootstrap (/home/ec2-user/codingmoa/build/main.js:49:16)
    at Object.<anonymous> (/home/ec2-user/codingmoa/build/main.js:54:8)
    at Module._compile (module.js:653:30)
    at Object.Module._extensions..js (module.js:664:10)
[31m[nodemon] app crashed - waiting for file changes before starting...[39m
[32m[nodemon] restarting due to changes...[39m
[32m[nodemon] starting `node ./build/main.js`[39m
events.js:183
      throw er; // Unhandled 'error' event
      ^

Error: listen EADDRINUSE :::3000
    at Server.setupListenHandle [as _listen2] (net.js:1360:14)
    at listenInCluster (net.js:1401:12)
    at Server.listen (net.js:1485:7)
    at Function.listen (/home/ec2-user/codingmoa/node_modules/express/lib/application.js:618:24)
    at Server.config (/home/ec2-user/codingmoa/build/main.js:29:18)
    at new Server (/home/ec2-user/codingmoa/build/main.js:25:14)
    at Function.bootstrap (/home/ec2-user/codingmoa/build/main.js:49:16)
    at Object.<anonymous> (/home/ec2-user/codingmoa/build/main.js:54:8)
    at Module._compile (module.js:653:30)
    at Object.Module._extensions..js (module.js:664:10)
[31m[nodemon] app crashed - waiting for file changes before starting...[39m
[32m[nodemon] restarting due to changes...[39m
[32m[nodemon] starting `node ./build/main.js`[39m
events.js:183
      throw er; // Unhandled 'error' event
      ^

Error: listen EADDRINUSE :::3000
    at Server.setupListenHandle [as _listen2] (net.js:1360:14)
    at listenInCluster (net.js:1401:12)
    at Server.listen (net.js:1485:7)
    at Function.listen (/home/ec2-user/codingmoa/node_modules/express/lib/application.js:618:24)
    at Server.config (/home/ec2-user/codingmoa/build/main.js:29:18)
    at new Server (/home/ec2-user/codingmoa/build/main.js:25:14)
    at Function.bootstrap (/home/ec2-user/codingmoa/build/main.js:49:16)
    at Object.<anonymous> (/home/ec2-user/codingmoa/build/main.js:54:8)
    at Module._compile (module.js:653:30)
    at Object.Module._extensions..js (module.js:664:10)
[31m[nodemon] app crashed - waiting for file changes before starting...[39m
[32m[nodemon] restarting due to changes...[39m
[32m[nodemon] starting `node ./build/main.js`[39m
events.js:183
      throw er; // Unhandled 'error' event
      ^

Error: listen EADDRINUSE :::3000
    at Server.setupListenHandle [as _listen2] (net.js:1360:14)
    at listenInCluster (net.js:1401:12)
    at Server.listen (net.js:1485:7)
    at Function.listen (/home/ec2-user/codingmoa/node_modules/express/lib/application.js:618:24)
    at Server.config (/home/ec2-user/codingmoa/build/main.js:29:18)
    at new Server (/home/ec2-user/codingmoa/build/main.js:25:14)
    at Function.bootstrap (/home/ec2-user/codingmoa/build/main.js:49:16)
    at Object.<anonymous> (/home/ec2-user/codingmoa/build/main.js:54:8)
    at Module._compile (module.js:653:30)
    at Object.Module._extensions..js (module.js:664:10)
[31m[nodemon] app crashed - waiting for file changes before starting...[39m
[32m[nodemon] restarting due to changes...[39m
[32m[nodemon] starting `node ./build/main.js`[39m
events.js:183
      throw er; // Unhandled 'error' event
      ^

Error: listen EADDRINUSE :::3000
    at Server.setupListenHandle [as _listen2] (net.js:1360:14)
    at listenInCluster (net.js:1401:12)
    at Server.listen (net.js:1485:7)
    at Function.listen (/home/ec2-user/codingmoa/node_modules/express/lib/application.js:618:24)
    at Server.config (/home/ec2-user/codingmoa/build/main.js:29:18)
    at new Server (/home/ec2-user/codingmoa/build/main.js:25:14)
    at Function.bootstrap (/home/ec2-user/codingmoa/build/main.js:49:16)
    at Object.<anonymous> (/home/ec2-user/codingmoa/build/main.js:54:8)
    at Module._compile (module.js:653:30)
    at Object.Module._extensions..js (module.js:664:10)
[31m[nodemon] app crashed - waiting for file changes before starting...[39m
[32m[nodemon] restarting due to changes...[39m
[32m[nodemon] starting `node ./build/main.js`[39m
events.js:183
      throw er; // Unhandled 'error' event
      ^

Error: listen EADDRINUSE :::3000
    at Server.setupListenHandle [as _listen2] (net.js:1360:14)
    at listenInCluster (net.js:1401:12)
    at Server.listen (net.js:1485:7)
    at Function.listen (/home/ec2-user/codingmoa/node_modules/express/lib/application.js:618:24)
    at Server.config (/home/ec2-user/codingmoa/build/main.js:29:18)
    at new Server (/home/ec2-user/codingmoa/build/main.js:25:14)
    at Function.bootstrap (/home/ec2-user/codingmoa/build/main.js:50:16)
    at Object.<anonymous> (/home/ec2-user/codingmoa/build/main.js:55:8)
    at Module._compile (module.js:653:30)
    at Object.Module._extensions..js (module.js:664:10)
[31m[nodemon] app crashed - waiting for file changes before starting...[39m
